# JRE version: Java(TM) SE Runtime Environment (21.0.8+12) (build 21.0.8+12-LTS-250)
# Java VM: Java HotSpot(TM) 64-Bit Server VM (21.0.8+12-LTS-250, mixed mode, sharing, tiered, compressed oops, compressed class ptrs, g1 gc, windows-amd64)
GC Precious Log:
 CardTable entry size: 512
 Card Set container configuration: InlinePtr #cards 4 size 8 Array Of Cards #cards 16 size 48 Howl #buckets 8 coarsen threshold 3686 Howl Bitmap #cards 512 size 80 coarsen threshold 460 Card regions per heap region 1 cards per card region 4096
 CPUs: 8 total, 8 available
 Memory: 16194M
 Large Page Support: Disabled
 NUMA Support: Disabled
 Compressed Oops: Enabled (Zero based)
 Heap Region Size: 2M
 Heap Min Capacity: 8M
 Heap Initial Capacity: 254M
 Heap Max Capacity: 4050M
 Pre-touch: Disabled
 Parallel Workers: 8
 Concurrent Workers: 2
 Concurrent Refinement Workers: 8
 Periodic GC: Disabled
Heap:
 garbage-first heap   total 528384K, used 14386K [0x0000000702e00000, 0x0000000800000000)
  region size 2048K, 1 young (2048K), 1 survivors (2048K)
 Metaspace       used 32726K, committed 33344K, reserved 1114112K
  class space    used 4098K, committed 4352K, reserved 1048576K
GC Heap History (16 events):
Event: 1.295 GC heap before
{Heap before GC invocations=0 (full 0):
 garbage-first heap   total 260096K, used 22528K [0x0000000702e00000, 0x0000000800000000)
  region size 2048K, 11 young (22528K), 0 survivors (0K)
 Metaspace       used 6894K, committed 7168K, reserved 1114112K
  class space    used 794K, committed 896K, reserved 1048576K
}
Event: 1.303 GC heap after
{Heap after GC invocations=1 (full 0):
 garbage-first heap   total 260096K, used 4239K [0x0000000702e00000, 0x0000000800000000)
  region size 2048K, 2 young (4096K), 2 survivors (4096K)
 Metaspace       used 6894K, committed 7168K, reserved 1114112K
  class space    used 794K, committed 896K, reserved 1048576K
}
Event: 2.440 GC heap before
{Heap before GC invocations=1 (full 0):
 garbage-first heap   total 260096K, used 32911K [0x0000000702e00000, 0x0000000800000000)
  region size 2048K, 17 young (34816K), 2 survivors (4096K)
 Metaspace       used 14995K, committed 15360K, reserved 1114112K
  class space    used 1876K, committed 2048K, reserved 1048576K
}
Event: 2.451 GC heap after
{Heap after GC invocations=2 (full 0):
 garbage-first heap   total 260096K, used 6976K [0x0000000702e00000, 0x0000000800000000)
  region size 2048K, 2 young (4096K), 2 survivors (4096K)
 Metaspace       used 14995K, committed 15360K, reserved 1114112K
  class space    used 1876K, committed 2048K, reserved 1048576K
}
Event: 3.795 GC heap before
{Heap before GC invocations=2 (full 0):
 garbage-first heap   total 260096K, used 37696K [0x0000000702e00000, 0x0000000800000000)
  region size 2048K, 18 young (36864K), 2 survivors (4096K)
 Metaspace       used 21056K, committed 21504K, reserved 1114112K
  class space    used 2604K, committed 2816K, reserved 1048576K
}
Event: 3.804 GC heap after
{Heap after GC invocations=3 (full 0):
 garbage-first heap   total 260096K, used 10040K [0x0000000702e00000, 0x0000000800000000)
  region size 2048K, 3 young (6144K), 3 survivors (6144K)
 Metaspace       used 21056K, committed 21504K, reserved 1114112K
  class space    used 2604K, committed 2816K, reserved 1048576K
}
Event: 5.489 GC heap before
{Heap before GC invocations=4 (full 0):
 garbage-first heap   total 40960K, used 40760K [0x0000000702e00000, 0x0000000800000000)
  region size 2048K, 18 young (36864K), 3 survivors (6144K)
 Metaspace       used 27437K, committed 28032K, reserved 1114112K
  class space    used 3451K, committed 3712K, reserved 1048576K
}
Event: 5.502 GC heap after
{Heap after GC invocations=5 (full 0):
 garbage-first heap   total 51200K, used 13448K [0x0000000702e00000, 0x0000000800000000)
  region size 2048K, 5 young (10240K), 5 survivors (10240K)
 Metaspace       used 27437K, committed 28032K, reserved 1114112K
  class space    used 3451K, committed 3712K, reserved 1048576K
}
Event: 9.290 GC heap before
{Heap before GC invocations=5 (full 0):
 garbage-first heap   total 51200K, used 33928K [0x0000000702e00000, 0x0000000800000000)
  region size 2048K, 15 young (30720K), 5 survivors (10240K)
 Metaspace       used 29902K, committed 30464K, reserved 1114112K
  class space    used 3758K, committed 4032K, reserved 1048576K
}
Event: 9.302 GC heap after
{Heap after GC invocations=6 (full 0):
 garbage-first heap   total 51200K, used 14254K [0x0000000702e00000, 0x0000000800000000)
  region size 2048K, 1 young (2048K), 1 survivors (2048K)
 Metaspace       used 29902K, committed 30464K, reserved 1114112K
  class space    used 3758K, committed 4032K, reserved 1048576K
}
Event: 92.491 GC heap before
{Heap before GC invocations=6 (full 0):
 garbage-first heap   total 51200K, used 36782K [0x0000000702e00000, 0x0000000800000000)
  region size 2048K, 13 young (26624K), 1 survivors (2048K)
 Metaspace       used 32725K, committed 33344K, reserved 1114112K
  class space    used 4098K, committed 4352K, reserved 1048576K
}
Event: 92.495 GC heap after
{Heap after GC invocations=7 (full 0):
 garbage-first heap   total 51200K, used 14494K [0x0000000702e00000, 0x0000000800000000)
  region size 2048K, 1 young (2048K), 1 survivors (2048K)
 Metaspace       used 32725K, committed 33344K, reserved 1114112K
  class space    used 4098K, committed 4352K, reserved 1048576K
}
Event: 92.706 GC heap before
{Heap before GC invocations=7 (full 0):
 garbage-first heap   total 51200K, used 41118K [0x0000000702e00000, 0x0000000800000000)
  region size 2048K, 14 young (28672K), 1 survivors (2048K)
 Metaspace       used 32725K, committed 33344K, reserved 1114112K
  class space    used 4098K, committed 4352K, reserved 1048576K
}
Event: 92.710 GC heap after
{Heap after GC invocations=8 (full 0):
 garbage-first heap   total 51200K, used 14408K [0x0000000702e00000, 0x0000000800000000)
  region size 2048K, 1 young (2048K), 1 survivors (2048K)
 Metaspace       used 32725K, committed 33344K, reserved 1114112K
  class space    used 4098K, committed 4352K, reserved 1048576K
}
Event: 92.730 GC heap before
{Heap before GC invocations=8 (full 0):
 garbage-first heap   total 51200K, used 16456K [0x0000000702e00000, 0x0000000800000000)
  region size 2048K, 3 young (6144K), 1 survivors (2048K)
 Metaspace       used 32726K, committed 33344K, reserved 1114112K
  class space    used 4098K, committed 4352K, reserved 1048576K
}
Event: 92.735 GC heap after
{Heap after GC invocations=9 (full 0):
 garbage-first heap   total 51200K, used 14386K [0x0000000702e00000, 0x0000000800000000)
  region size 2048K, 1 young (2048K), 1 survivors (2048K)
 Metaspace       used 32726K, committed 33344K, reserved 1114112K
  class space    used 4098K, committed 4352K, reserved 1048576K
}

